Build started 10/26/2022 12:06:51 PM.
     1>Project "C:\Users\katie\OneDrive\Documents\VideoGame\Knutson_Pong\Sources\PC\SimpleMenusPCVS2013.vcxproj" on node 2 (Build target(s)).
     1>ClCompile:
         C:\Program Files (x86)\Microsoft Visual Studio 12.0\VC\bin\CL.exe /c /I. /I..\ /IC:\Users\katie\OneDrive\Documents\VideoGame\FrogSrc\PC /IC:\Users\katie\OneDrive\Documents\VideoGame\FrogSrc /IC:\Users\katie\OneDrive\Documents\VideoGame\FrogSrc\ZLib /IC:\Users\katie\OneDrive\Documents\VideoGame\FrogSrc\TinyThread /IC:\Users\katie\OneDrive\Documents\VideoGame\FrogSrc\GLEW\include /ZI /nologo /W3 /WX- /sdl /Od /Oy- /D WIN32 /D _DEBUG /D _WINDOWS /D NOMINMAX /D _USING_V110_SDK71_ /D _UNICODE /D UNICODE /Gm /EHsc /RTC1 /MTd /GS /fp:precise /Zc:wchar_t /Zc:forScope /Fo"Debug\\" /Fd"Debug\vc120.pdb" /Gd /TP /analyze- /errorReport:prompt ..\MainGame.cpp ..\MainMenu.cpp
         MainGame.cpp
         Generating Code...
         Compiling...
         MainMenu.cpp
         Generating Code...
       Link:
         C:\Program Files (x86)\Microsoft Visual Studio 12.0\VC\bin\link.exe /ERRORREPORT:PROMPT /OUT:"C:\Users\katie\OneDrive\Documents\VideoGame\Knutson_Pong\Sources\PC\Debug\SimpleMenusD.exe" /INCREMENTAL /NOLOGO /LIBPATH:C:\Users\katie\OneDrive\Documents\VideoGame\FrogSrc/PC FrogPCVS2013D.lib OtherLibrariesPCVS2013D.lib Xinput.lib opengl32.lib openal32.lib winmm.lib dbghelp.lib kernel32.lib user32.lib gdi32.lib winspool.lib comdlg32.lib advapi32.lib shell32.lib ole32.lib oleaut32.lib uuid.lib odbc32.lib odbccp32.lib /MANIFEST /MANIFESTUAC:"level='asInvoker' uiAccess='false'" /manifest:embed /DEBUG /PDB:"C:\Users\katie\OneDrive\Documents\VideoGame\Knutson_Pong\Sources\PC\Debug\SimpleMenusD.pdb" /SUBSYSTEM:WINDOWS,"5.01" /TLBID:1 /DYNAMICBASE /NXCOMPAT /IMPLIB:"C:\Users\katie\OneDrive\Documents\VideoGame\Knutson_Pong\Sources\PC\Debug\SimpleMenusD.lib" /MACHINE:X86 Debug\resource.res
         Debug\MainGame.obj
         Debug\MainMenu.obj
         Debug\MainUpdate.obj
         Debug\MenuState.obj
         Debug\MainPC.obj
         SimpleMenusPCVS2013.vcxproj -> C:\Users\katie\OneDrive\Documents\VideoGame\Knutson_Pong\Sources\PC\Debug\SimpleMenusD.exe
     1>Done Building Project "C:\Users\katie\OneDrive\Documents\VideoGame\Knutson_Pong\Sources\PC\SimpleMenusPCVS2013.vcxproj" (Build target(s)).

Build succeeded.

Time Elapsed 00:00:08.23
